{"total": {"lines":{"total":136,"covered":75,"skipped":0,"pct":55.14},"statements":{"total":146,"covered":75,"skipped":0,"pct":51.36},"functions":{"total":34,"covered":21,"skipped":0,"pct":61.76},"branches":{"total":37,"covered":16,"skipped":0,"pct":43.24},"branchesTrue":{"total":0,"covered":0,"skipped":0,"pct":100}}
,"/Users/karlaoshikawa/TRYBE/projetos/sd-025-a-project-car-shop/src/Controllers/CarController.ts": {"lines":{"total":26,"covered":0,"skipped":0,"pct":0},"functions":{"total":6,"covered":0,"skipped":0,"pct":0},"statements":{"total":27,"covered":0,"skipped":0,"pct":0},"branches":{"total":2,"covered":0,"skipped":0,"pct":0}}
,"/Users/karlaoshikawa/TRYBE/projetos/sd-025-a-project-car-shop/src/Controllers/MotorcyclesController.ts": {"lines":{"total":26,"covered":0,"skipped":0,"pct":0},"functions":{"total":6,"covered":0,"skipped":0,"pct":0},"statements":{"total":27,"covered":0,"skipped":0,"pct":0},"branches":{"total":2,"covered":0,"skipped":0,"pct":0}}
,"/Users/karlaoshikawa/TRYBE/projetos/sd-025-a-project-car-shop/src/Models/AbstractODM.ts": {"lines":{"total":5,"covered":5,"skipped":0,"pct":100},"functions":{"total":1,"covered":1,"skipped":0,"pct":100},"statements":{"total":5,"covered":5,"skipped":0,"pct":100},"branches":{"total":2,"covered":2,"skipped":0,"pct":100}}
,"/Users/karlaoshikawa/TRYBE/projetos/sd-025-a-project-car-shop/src/Models/CarODM.ts": {"lines":{"total":14,"covered":12,"skipped":0,"pct":85.71},"functions":{"total":5,"covered":5,"skipped":0,"pct":100},"statements":{"total":14,"covered":12,"skipped":0,"pct":85.71},"branches":{"total":4,"covered":2,"skipped":0,"pct":50}}
,"/Users/karlaoshikawa/TRYBE/projetos/sd-025-a-project-car-shop/src/Models/Connection.ts": {"lines":{"total":3,"covered":0,"skipped":0,"pct":0},"functions":{"total":1,"covered":0,"skipped":0,"pct":0},"statements":{"total":3,"covered":0,"skipped":0,"pct":0},"branches":{"total":3,"covered":0,"skipped":0,"pct":0}}
,"/Users/karlaoshikawa/TRYBE/projetos/sd-025-a-project-car-shop/src/Models/MotorcycleODM.ts": {"lines":{"total":14,"covered":12,"skipped":0,"pct":85.71},"functions":{"total":5,"covered":5,"skipped":0,"pct":100},"statements":{"total":14,"covered":12,"skipped":0,"pct":85.71},"branches":{"total":4,"covered":2,"skipped":0,"pct":50}}
,"/Users/karlaoshikawa/TRYBE/projetos/sd-025-a-project-car-shop/src/Services/CarService.ts": {"lines":{"total":24,"covered":23,"skipped":0,"pct":95.83},"functions":{"total":5,"covered":5,"skipped":0,"pct":100},"statements":{"total":28,"covered":23,"skipped":0,"pct":82.14},"branches":{"total":10,"covered":5,"skipped":0,"pct":50}}
,"/Users/karlaoshikawa/TRYBE/projetos/sd-025-a-project-car-shop/src/Services/MotorcycleService.ts": {"lines":{"total":24,"covered":23,"skipped":0,"pct":95.83},"functions":{"total":5,"covered":5,"skipped":0,"pct":100},"statements":{"total":28,"covered":23,"skipped":0,"pct":82.14},"branches":{"total":10,"covered":5,"skipped":0,"pct":50}}
}
