TN:
SF:src/Controllers/CarController.ts
FN:11,(anonymous_0)
FN:18,(anonymous_1)
FN:37,(anonymous_2)
FN:42,(anonymous_3)
FN:60,(anonymous_4)
FN:81,(anonymous_5)
FNF:6
FNH:0
FNDA:0,(anonymous_0)
FNDA:0,(anonymous_1)
FNDA:0,(anonymous_2)
FNDA:0,(anonymous_3)
FNDA:0,(anonymous_4)
FNDA:0,(anonymous_5)
DA:12,0
DA:13,0
DA:14,0
DA:15,0
DA:19,0
DA:29,0
DA:30,0
DA:31,0
DA:33,0
DA:38,0
DA:39,0
DA:41,0
DA:42,0
DA:52,0
DA:54,0
DA:56,0
DA:61,0
DA:62,0
DA:64,0
DA:66,0
DA:77,0
DA:82,0
DA:83,0
DA:85,0
DA:87,0
DA:98,0
LF:26
LH:0
BRDA:41,0,0,0
BRDA:41,0,1,0
BRF:2
BRH:0
end_of_record
TN:
SF:src/Controllers/MotorcyclesController.ts
FN:11,(anonymous_0)
FN:18,(anonymous_1)
FN:37,(anonymous_2)
FN:42,(anonymous_3)
FN:60,(anonymous_4)
FN:81,(anonymous_5)
FNF:6
FNH:0
FNDA:0,(anonymous_0)
FNDA:0,(anonymous_1)
FNDA:0,(anonymous_2)
FNDA:0,(anonymous_3)
FNDA:0,(anonymous_4)
FNDA:0,(anonymous_5)
DA:12,0
DA:13,0
DA:14,0
DA:15,0
DA:19,0
DA:29,0
DA:30,0
DA:31,0
DA:33,0
DA:38,0
DA:39,0
DA:41,0
DA:42,0
DA:52,0
DA:54,0
DA:56,0
DA:61,0
DA:62,0
DA:64,0
DA:66,0
DA:77,0
DA:82,0
DA:83,0
DA:85,0
DA:87,0
DA:98,0
LF:26
LH:0
BRDA:41,0,0,0
BRDA:41,0,1,0
BRF:2
BRH:0
end_of_record
TN:
SF:src/Models/AbstractODM.ts
FN:8,(anonymous_0)
FNF:1
FNH:1
FNDA:8,(anonymous_0)
DA:1,1
DA:9,8
DA:10,8
DA:11,8
DA:14,1
LF:5
LH:5
BRDA:11,0,0,8
BRDA:11,0,1,2
BRF:2
BRH:2
end_of_record
TN:
SF:src/Models/CarODM.ts
FN:9,(anonymous_1)
FN:23,(anonymous_2)
FN:27,(anonymous_3)
FN:31,(anonymous_4)
FN:38,(anonymous_5)
FNF:5
FNH:5
FNDA:4,(anonymous_1)
FNDA:1,(anonymous_2)
FNDA:1,(anonymous_3)
FNDA:1,(anonymous_4)
FNDA:1,(anonymous_5)
DA:1,1
DA:3,1
DA:10,4
DA:19,4
DA:20,4
DA:24,1
DA:28,1
DA:32,1
DA:33,1
DA:35,0
DA:39,1
DA:40,1
DA:42,0
DA:46,1
LF:14
LH:12
BRDA:32,0,0,1
BRDA:32,0,1,0
BRDA:39,1,0,1
BRDA:39,1,1,0
BRF:4
BRH:2
end_of_record
TN:
SF:src/Models/Connection.ts
FN:6,(anonymous_0)
FNF:1
FNH:0
FNDA:0,(anonymous_0)
DA:4,0
DA:6,0
DA:9,0
LF:3
LH:0
BRDA:7,0,0,0
BRDA:7,1,0,0
BRDA:7,1,1,0
BRF:3
BRH:0
end_of_record
TN:
SF:src/Models/MotorcycleODM.ts
FN:6,(anonymous_1)
FN:20,(anonymous_2)
FN:24,(anonymous_3)
FN:28,(anonymous_4)
FN:35,(anonymous_5)
FNF:5
FNH:5
FNDA:4,(anonymous_1)
FNDA:1,(anonymous_2)
FNDA:1,(anonymous_3)
FNDA:1,(anonymous_4)
FNDA:1,(anonymous_5)
DA:1,1
DA:3,1
DA:7,4
DA:16,4
DA:17,4
DA:21,1
DA:25,1
DA:29,1
DA:30,1
DA:32,0
DA:36,1
DA:37,1
DA:39,0
DA:43,1
LF:14
LH:12
BRDA:29,0,0,1
BRDA:29,0,1,0
BRDA:36,1,0,1
BRDA:36,1,1,0
BRF:4
BRH:2
end_of_record
TN:
SF:src/Services/CarService.ts
FN:8,(anonymous_1)
FN:15,(anonymous_2)
FN:21,(anonymous_3)
FN:27,(anonymous_4)
FN:37,(anonymous_5)
FNF:5
FNH:5
FNDA:1,(anonymous_1)
FNDA:1,(anonymous_2)
FNDA:1,(anonymous_3)
FNDA:1,(anonymous_4)
FNDA:1,(anonymous_5)
DA:1,1
DA:2,1
DA:4,1
DA:5,1
DA:9,1
DA:10,1
DA:12,0
DA:16,1
DA:17,1
DA:18,1
DA:22,1
DA:23,1
DA:24,1
DA:28,1
DA:30,1
DA:32,1
DA:33,1
DA:34,1
DA:38,1
DA:40,1
DA:42,1
DA:43,1
DA:44,1
DA:48,1
LF:24
LH:23
BRDA:9,0,0,1
BRDA:9,0,1,0
BRDA:30,1,0,0
BRDA:30,1,1,1
BRDA:33,2,0,0
BRDA:33,2,1,1
BRDA:40,3,0,0
BRDA:40,3,1,1
BRDA:43,4,0,0
BRDA:43,4,1,1
BRF:10
BRH:5
end_of_record
TN:
SF:src/Services/MotorcycleService.ts
FN:8,(anonymous_1)
FN:15,(anonymous_2)
FN:21,(anonymous_3)
FN:27,(anonymous_4)
FN:37,(anonymous_5)
FNF:5
FNH:5
FNDA:1,(anonymous_1)
FNDA:1,(anonymous_2)
FNDA:1,(anonymous_3)
FNDA:1,(anonymous_4)
FNDA:1,(anonymous_5)
DA:1,1
DA:2,1
DA:4,1
DA:5,1
DA:9,1
DA:10,1
DA:12,0
DA:16,1
DA:17,1
DA:18,1
DA:22,1
DA:23,1
DA:24,1
DA:28,1
DA:30,1
DA:32,1
DA:33,1
DA:34,1
DA:38,1
DA:40,1
DA:42,1
DA:43,1
DA:44,1
DA:48,1
LF:24
LH:23
BRDA:9,0,0,1
BRDA:9,0,1,0
BRDA:30,1,0,0
BRDA:30,1,1,1
BRDA:33,2,0,0
BRDA:33,2,1,1
BRDA:40,3,0,0
BRDA:40,3,1,1
BRDA:43,4,0,0
BRDA:43,4,1,1
BRF:10
BRH:5
end_of_record
